app/build/intermediates/manifest_merge_blame_file/release/manifest-merger-blame-release-report.txt
1<?xml version="1.0" encoding="utf-8"?>
2<manifest xmlns:android="http://schemas.android.com/apk/res/android"
3    package="com.twks.wifi"
4    android:versionCode="2"
5    android:versionName="2.0.0-RELEASE" >
6
7    <uses-sdk
8        android:minSdkVersion="26"
9        android:targetSdkVersion="34" />
10
11    <uses-permission android:name="android.permission.ACCESS_WIFI_STATE" />
11-->src\main\AndroidManifest.xml:3:5-76
11-->src\main\AndroidManifest.xml:3:22-73
12    <uses-permission android:name="android.permission.CHANGE_WIFI_STATE" />
12-->src\main\AndroidManifest.xml:4:5-76
12-->src\main\AndroidManifest.xml:4:22-73
13    <uses-permission android:name="android.permission.ACCESS_NETWORK_STATE" />
13-->src\main\AndroidManifest.xml:5:5-79
13-->src\main\AndroidManifest.xml:5:22-76
14    <uses-permission android:name="android.permission.INTERNET" />
14-->src\main\AndroidManifest.xml:6:5-67
14-->src\main\AndroidManifest.xml:6:22-64
15    <uses-permission android:name="android.permission.ACCESS_FINE_LOCATION" />
15-->src\main\AndroidManifest.xml:7:5-79
15-->src\main\AndroidManifest.xml:7:22-76
16
17    <permission
17-->[androidx.core:core:1.12.0] AndroidManifest.xml:22:5-24:47
18        android:name="com.twks.wifi.DYNAMIC_RECEIVER_NOT_EXPORTED_PERMISSION"
18-->[androidx.core:core:1.12.0] AndroidManifest.xml:23:9-81
19        android:protectionLevel="signature" />
19-->[androidx.core:core:1.12.0] AndroidManifest.xml:24:9-44
20
21    <uses-permission android:name="com.twks.wifi.DYNAMIC_RECEIVER_NOT_EXPORTED_PERMISSION" />
21-->[androidx.core:core:1.12.0] AndroidManifest.xml:26:5-97
21-->[androidx.core:core:1.12.0] AndroidManifest.xml:26:22-94
22
23    <application
23-->src\main\AndroidManifest.xml:8:5-15:19
24        android:allowBackup="false"
24-->src\main\AndroidManifest.xml:8:78-105
25        android:appComponentFactory="androidx.core.app.CoreComponentFactory"
25-->[androidx.core:core:1.12.0] AndroidManifest.xml:28:18-86
26        android:extractNativeLibs="false"
27        android:icon="@android:drawable/ic_menu_manage"
27-->src\main\AndroidManifest.xml:8:106-153
28        android:label="TWKS WiFi"
28-->src\main\AndroidManifest.xml:8:18-43
29        android:theme="@style/Theme.TWKS" >
29-->src\main\AndroidManifest.xml:8:44-77
30        <activity
30-->src\main\AndroidManifest.xml:9:9-14:20
31            android:name="com.twks.wifi.MainActivity"
31-->src\main\AndroidManifest.xml:9:19-47
32            android:exported="true"
32-->src\main\AndroidManifest.xml:9:48-71
33            android:screenOrientation="portrait" >
33-->src\main\AndroidManifest.xml:9:72-108
34            <intent-filter>
34-->src\main\AndroidManifest.xml:10:13-13:29
35                <action android:name="android.intent.action.MAIN" />
35-->src\main\AndroidManifest.xml:11:17-69
35-->src\main\AndroidManifest.xml:11:25-66
36
37                <category android:name="android.intent.category.LAUNCHER" />
37-->src\main\AndroidManifest.xml:12:17-77
37-->src\main\AndroidManifest.xml:12:27-74
38            </intent-filter>
39        </activity>
40
41        <provider
41-->[androidx.emoji2:emoji2:1.4.0] AndroidManifest.xml:24:9-32:20
42            android:name="androidx.startup.InitializationProvider"
42-->[androidx.emoji2:emoji2:1.4.0] AndroidManifest.xml:25:13-67
43            android:authorities="com.twks.wifi.androidx-startup"
43-->[androidx.emoji2:emoji2:1.4.0] AndroidManifest.xml:26:13-68
44            android:exported="false" >
44-->[androidx.emoji2:emoji2:1.4.0] AndroidManifest.xml:27:13-37
45            <meta-data
45-->[androidx.emoji2:emoji2:1.4.0] AndroidManifest.xml:29:13-31:52
46                android:name="androidx.emoji2.text.EmojiCompatInitializer"
46-->[androidx.emoji2:emoji2:1.4.0] AndroidManifest.xml:30:17-75
47                android:value="androidx.startup" />
47-->[androidx.emoji2:emoji2:1.4.0] AndroidManifest.xml:31:17-49
48            <meta-data
48-->[androidx.lifecycle:lifecycle-process:2.6.1] AndroidManifest.xml:29:13-31:52
49                android:name="androidx.lifecycle.ProcessLifecycleInitializer"
49-->[androidx.lifecycle:lifecycle-process:2.6.1] AndroidManifest.xml:30:17-78
50                android:value="androidx.startup" />
50-->[androidx.lifecycle:lifecycle-process:2.6.1] AndroidManifest.xml:31:17-49
51            <meta-data
51-->[androidx.profileinstaller:profileinstaller:1.3.0] AndroidManifest.xml:29:13-31:52
52                android:name="androidx.profileinstaller.ProfileInstallerInitializer"
52-->[androidx.profileinstaller:profileinstaller:1.3.0] AndroidManifest.xml:30:17-85
53                android:value="androidx.startup" />
53-->[androidx.profileinstaller:profileinstaller:1.3.0] AndroidManifest.xml:31:17-49
54        </provider>
55
56        <receiver
56-->[androidx.profileinstaller:profileinstaller:1.3.0] AndroidManifest.xml:34:9-52:20
57            android:name="androidx.profileinstaller.ProfileInstallReceiver"
57-->[androidx.profileinstaller:profileinstaller:1.3.0] AndroidManifest.xml:35:13-76
58            android:directBootAware="false"
58-->[androidx.profileinstaller:profileinstaller:1.3.0] AndroidManifest.xml:36:13-44
59            android:enabled="true"
59-->[androidx.profileinstaller:profileinstaller:1.3.0] AndroidManifest.xml:37:13-35
60            android:exported="true"
60-->[androidx.profileinstaller:profileinstaller:1.3.0] AndroidManifest.xml:38:13-36
61            android:permission="android.permission.DUMP" >
61-->[androidx.profileinstaller:profileinstaller:1.3.0] AndroidManifest.xml:39:13-57
62            <intent-filter>
62-->[androidx.profileinstaller:profileinstaller:1.3.0] AndroidManifest.xml:40:13-42:29
63                <action android:name="androidx.profileinstaller.action.INSTALL_PROFILE" />
63-->[androidx.profileinstaller:profileinstaller:1.3.0] AndroidManifest.xml:41:17-91
63-->[androidx.profileinstaller:profileinstaller:1.3.0] AndroidManifest.xml:41:25-88
64            </intent-filter>
65            <intent-filter>
65-->[androidx.profileinstaller:profileinstaller:1.3.0] AndroidManifest.xml:43:13-45:29
66                <action android:name="androidx.profileinstaller.action.SKIP_FILE" />
66-->[androidx.profileinstaller:profileinstaller:1.3.0] AndroidManifest.xml:44:17-85
66-->[androidx.profileinstaller:profileinstaller:1.3.0] AndroidManifest.xml:44:25-82
67            </intent-filter>
68            <intent-filter>
68-->[androidx.profileinstaller:profileinstaller:1.3.0] AndroidManifest.xml:46:13-48:29
69                <action android:name="androidx.profileinstaller.action.SAVE_PROFILE" />
69-->[androidx.profileinstaller:profileinstaller:1.3.0] AndroidManifest.xml:47:17-88
69-->[androidx.profileinstaller:profileinstaller:1.3.0] AndroidManifest.xml:47:25-85
70            </intent-filter>
71            <intent-filter>
71-->[androidx.profileinstaller:profileinstaller:1.3.0] AndroidManifest.xml:49:13-51:29
72                <action android:name="androidx.profileinstaller.action.BENCHMARK_OPERATION" />
72-->[androidx.profileinstaller:profileinstaller:1.3.0] AndroidManifest.xml:50:17-95
72-->[androidx.profileinstaller:profileinstaller:1.3.0] AndroidManifest.xml:50:25-92
73            </intent-filter>
74        </receiver>
75    </application>
76
77</manifest>